# JRE version: Java(TM) SE Runtime Environment (8.0_65-b17) (build 1.8.0_65-b17)
# Java VM: Java HotSpot(TM) 64-Bit Server VM (25.65-b01 mixed mode windows-amd64 compressed oops)
Heap:
 PSYoungGen      total 266240K, used 88277K [0x00000000d5b80000, 0x00000000eee00000, 0x0000000100000000)
  eden space 244736K, 36% used [0x00000000d5b80000,0x00000000db1b5670,0x00000000e4a80000)
  from space 21504K, 0% used [0x00000000e4a80000,0x00000000e4a80000,0x00000000e5f80000)
  to   space 33280K, 0% used [0x00000000ecd80000,0x00000000ecd80000,0x00000000eee00000)
 ParOldGen       total 126976K, used 55638K [0x0000000081200000, 0x0000000088e00000, 0x00000000d5b80000)
  object space 126976K, 43% used [0x0000000081200000,0x0000000084855800,0x0000000088e00000)
 Metaspace       used 40019K, capacity 41074K, committed 41256K, reserved 1085440K
  class space    used 4816K, capacity 5067K, committed 5160K, reserved 1048576K
GC Heap History (10 events):
Event: 6.805 GC heap before
{Heap before GC invocations=7 (full 0):
 PSYoungGen      total 143360K, used 14978K [0x00000000d5b80000, 0x00000000df380000, 0x0000000100000000)
  eden space 132608K, 3% used [0x00000000d5b80000,0x00000000d60a0d10,0x00000000ddd00000)
  from space 10752K, 90% used [0x00000000de800000,0x00000000df17fe48,0x00000000df280000)
  to   space 11264K, 0% used [0x00000000ddd00000,0x00000000ddd00000,0x00000000de800000)
 ParOldGen       total 87552K, used 12910K [0x0000000081200000, 0x0000000086780000, 0x00000000d5b80000)
  object space 87552K, 14% used [0x0000000081200000,0x0000000081e9bb20,0x0000000086780000)
 Metaspace       used 20590K, capacity 21128K, committed 21296K, reserved 1069056K
  class space    used 2382K, capacity 2564K, committed 2608K, reserved 1048576K
Event: 6.830 GC heap after
Heap after GC invocations=7 (full 0):
 PSYoungGen      total 143872K, used 6449K [0x00000000d5b80000, 0x00000000e7480000, 0x0000000100000000)
  eden space 132608K, 0% used [0x00000000d5b80000,0x00000000d5b80000,0x00000000ddd00000)
  from space 11264K, 57% used [0x00000000ddd00000,0x00000000de34c768,0x00000000de800000)
  to   space 11264K, 0% used [0x00000000e6980000,0x00000000e6980000,0x00000000e7480000)
 ParOldGen       total 87552K, used 14802K [0x0000000081200000, 0x0000000086780000, 0x00000000d5b80000)
  object space 87552K, 16% used [0x0000000081200000,0x0000000082074a00,0x0000000086780000)
 Metaspace       used 20590K, capacity 21128K, committed 21296K, reserved 1069056K
  class space    used 2382K, capacity 2564K, committed 2608K, reserved 1048576K
}
Event: 6.830 GC heap before
{Heap before GC invocations=8 (full 1):
 PSYoungGen      total 143872K, used 6449K [0x00000000d5b80000, 0x00000000e7480000, 0x0000000100000000)
  eden space 132608K, 0% used [0x00000000d5b80000,0x00000000d5b80000,0x00000000ddd00000)
  from space 11264K, 57% used [0x00000000ddd00000,0x00000000de34c768,0x00000000de800000)
  to   space 11264K, 0% used [0x00000000e6980000,0x00000000e6980000,0x00000000e7480000)
 ParOldGen       total 87552K, used 14802K [0x0000000081200000, 0x0000000086780000, 0x00000000d5b80000)
  object space 87552K, 16% used [0x0000000081200000,0x0000000082074a00,0x0000000086780000)
 Metaspace       used 20590K, capacity 21128K, committed 21296K, reserved 1069056K
  class space    used 2382K, capacity 2564K, committed 2608K, reserved 1048576K
Event: 6.914 GC heap after
Heap after GC invocations=8 (full 1):
 PSYoungGen      total 143872K, used 0K [0x00000000d5b80000, 0x00000000e7480000, 0x0000000100000000)
  eden space 132608K, 0% used [0x00000000d5b80000,0x00000000d5b80000,0x00000000ddd00000)
  from space 11264K, 0% used [0x00000000ddd00000,0x00000000ddd00000,0x00000000de800000)
  to   space 11264K, 0% used [0x00000000e6980000,0x00000000e6980000,0x00000000e7480000)
 ParOldGen       total 59392K, used 14135K [0x0000000081200000, 0x0000000084c00000, 0x00000000d5b80000)
  object space 59392K, 23% used [0x0000000081200000,0x0000000081fcdc08,0x0000000084c00000)
 Metaspace       used 20590K, capacity 21128K, committed 21296K, reserved 1069056K
  class space    used 2382K, capacity 2564K, committed 2608K, reserved 1048576K
}
Event: 8.330 GC heap before
{Heap before GC invocations=9 (full 1):
 PSYoungGen      total 143872K, used 132608K [0x00000000d5b80000, 0x00000000e7480000, 0x0000000100000000)
  eden space 132608K, 100% used [0x00000000d5b80000,0x00000000ddd00000,0x00000000ddd00000)
  from space 11264K, 0% used [0x00000000ddd00000,0x00000000ddd00000,0x00000000de800000)
  to   space 11264K, 0% used [0x00000000e6980000,0x00000000e6980000,0x00000000e7480000)
 ParOldGen       total 59392K, used 14135K [0x0000000081200000, 0x0000000084c00000, 0x00000000d5b80000)
  object space 59392K, 23% used [0x0000000081200000,0x0000000081fcdc08,0x0000000084c00000)
 Metaspace       used 23167K, capacity 23860K, committed 24240K, reserved 1071104K
  class space    used 2678K, capacity 2873K, committed 2992K, reserved 1048576K
Event: 8.382 GC heap after
Heap after GC invocations=9 (full 1):
 PSYoungGen      total 248320K, used 11245K [0x00000000d5b80000, 0x00000000e7480000, 0x0000000100000000)
  eden space 237056K, 0% used [0x00000000d5b80000,0x00000000d5b80000,0x00000000e4300000)
  from space 11264K, 99% used [0x00000000e6980000,0x00000000e747b5c8,0x00000000e7480000)
  to   space 21504K, 0% used [0x00000000e4a80000,0x00000000e4a80000,0x00000000e5f80000)
 ParOldGen       total 59392K, used 34691K [0x0000000081200000, 0x0000000084c00000, 0x00000000d5b80000)
  object space 59392K, 58% used [0x0000000081200000,0x00000000833e0e00,0x0000000084c00000)
 Metaspace       used 23167K, capacity 23860K, committed 24240K, reserved 1071104K
  class space    used 2678K, capacity 2873K, committed 2992K, reserved 1048576K
}
Event: 11.230 GC heap before
{Heap before GC invocations=10 (full 1):
 PSYoungGen      total 248320K, used 248301K [0x00000000d5b80000, 0x00000000e7480000, 0x0000000100000000)
  eden space 237056K, 100% used [0x00000000d5b80000,0x00000000e4300000,0x00000000e4300000)
  from space 11264K, 99% used [0x00000000e6980000,0x00000000e747b5c8,0x00000000e7480000)
  to   space 21504K, 0% used [0x00000000e4a80000,0x00000000e4a80000,0x00000000e5f80000)
 ParOldGen       total 59392K, used 34691K [0x0000000081200000, 0x0000000084c00000, 0x00000000d5b80000)
  object space 59392K, 58% used [0x0000000081200000,0x00000000833e0e00,0x0000000084c00000)
 Metaspace       used 34396K, capacity 35368K, committed 35496K, reserved 1081344K
  class space    used 4180K, capacity 4428K, committed 4520K, reserved 1048576K
Event: 11.286 GC heap after
Heap after GC invocations=10 (full 1):
 PSYoungGen      total 266240K, used 21494K [0x00000000d5b80000, 0x00000000eee00000, 0x0000000100000000)
  eden space 244736K, 0% used [0x00000000d5b80000,0x00000000d5b80000,0x00000000e4a80000)
  from space 21504K, 99% used [0x00000000e4a80000,0x00000000e5f7dbb0,0x00000000e5f80000)
  to   space 33280K, 0% used [0x00000000ecd80000,0x00000000ecd80000,0x00000000eee00000)
 ParOldGen       total 59392K, used 56664K [0x0000000081200000, 0x0000000084c00000, 0x00000000d5b80000)
  object space 59392K, 95% used [0x0000000081200000,0x0000000084956208,0x0000000084c00000)
 Metaspace       used 34396K, capacity 35368K, committed 35496K, reserved 1081344K
  class space    used 4180K, capacity 4428K, committed 4520K, reserved 1048576K
}
Event: 11.286 GC heap before
{Heap before GC invocations=11 (full 2):
 PSYoungGen      total 266240K, used 21494K [0x00000000d5b80000, 0x00000000eee00000, 0x0000000100000000)
  eden space 244736K, 0% used [0x00000000d5b80000,0x00000000d5b80000,0x00000000e4a80000)
  from space 21504K, 99% used [0x00000000e4a80000,0x00000000e5f7dbb0,0x00000000e5f80000)
  to   space 33280K, 0% used [0x00000000ecd80000,0x00000000ecd80000,0x00000000eee00000)
 ParOldGen       total 59392K, used 56664K [0x0000000081200000, 0x0000000084c00000, 0x00000000d5b80000)
  object space 59392K, 95% used [0x0000000081200000,0x0000000084956208,0x0000000084c00000)
 Metaspace       used 34396K, capacity 35368K, committed 35496K, reserved 1081344K
  class space    used 4180K, capacity 4428K, committed 4520K, reserved 1048576K
Event: 11.381 GC heap after
Heap after GC invocations=11 (full 2):
 PSYoungGen      total 266240K, used 0K [0x00000000d5b80000, 0x00000000eee00000, 0x0000000100000000)
  eden space 244736K, 0% used [0x00000000d5b80000,0x00000000d5b80000,0x00000000e4a80000)
  from space 21504K, 0% used [0x00000000e4a80000,0x00000000e4a80000,0x00000000e5f80000)
  to   space 33280K, 0% used [0x00000000ecd80000,0x00000000ecd80000,0x00000000eee00000)
 ParOldGen       total 126976K, used 55638K [0x0000000081200000, 0x0000000088e00000, 0x00000000d5b80000)
  object space 126976K, 43% used [0x0000000081200000,0x0000000084855800,0x0000000088e00000)
 Metaspace       used 34346K, capacity 35222K, committed 35496K, reserved 1081344K
  class space    used 4162K, capacity 4397K, committed 4520K, reserved 1048576K
}

