# JRE version: Java(TM) SE Runtime Environment (8.0_65-b17) (build 1.8.0_65-b17)
# Java VM: Java HotSpot(TM) 64-Bit Server VM (25.65-b01 mixed mode windows-amd64 compressed oops)
Heap:
 PSYoungGen      total 366592K, used 51512K [0x00000000d5b80000, 0x00000000ee880000, 0x0000000100000000)
  eden space 333312K, 8% used [0x00000000d5b80000,0x00000000d77eb020,0x00000000ea100000)
  from space 33280K, 67% used [0x00000000ec280000,0x00000000ed8633d8,0x00000000ee300000)
  to   space 34304K, 0% used [0x00000000ea100000,0x00000000ea100000,0x00000000ec280000)
 ParOldGen       total 129024K, used 55028K [0x0000000081200000, 0x0000000089000000, 0x00000000d5b80000)
  object space 129024K, 42% used [0x0000000081200000,0x00000000847bd3e8,0x0000000089000000)
 Metaspace       used 52441K, capacity 53600K, committed 53808K, reserved 1097728K
  class space    used 6161K, capacity 6443K, committed 6448K, reserved 1048576K
GC Heap History (10 events):
Event: 6.825 GC heap before
{Heap before GC invocations=8 (full 1):
 PSYoungGen      total 143872K, used 6233K [0x00000000d5b80000, 0x00000000e7480000, 0x0000000100000000)
  eden space 132608K, 0% used [0x00000000d5b80000,0x00000000d5b80000,0x00000000ddd00000)
  from space 11264K, 55% used [0x00000000ddd00000,0x00000000de316538,0x00000000de800000)
  to   space 11264K, 0% used [0x00000000e6980000,0x00000000e6980000,0x00000000e7480000)
 ParOldGen       total 87552K, used 15022K [0x0000000081200000, 0x0000000086780000, 0x00000000d5b80000)
  object space 87552K, 17% used [0x0000000081200000,0x00000000820ab920,0x0000000086780000)
 Metaspace       used 20627K, capacity 21176K, committed 21296K, reserved 1069056K
  class space    used 2386K, capacity 2564K, committed 2608K, reserved 1048576K
Event: 6.924 GC heap after
Heap after GC invocations=8 (full 1):
 PSYoungGen      total 143872K, used 0K [0x00000000d5b80000, 0x00000000e7480000, 0x0000000100000000)
  eden space 132608K, 0% used [0x00000000d5b80000,0x00000000d5b80000,0x00000000ddd00000)
  from space 11264K, 0% used [0x00000000ddd00000,0x00000000ddd00000,0x00000000de800000)
  to   space 11264K, 0% used [0x00000000e6980000,0x00000000e6980000,0x00000000e7480000)
 ParOldGen       total 60928K, used 14120K [0x0000000081200000, 0x0000000084d80000, 0x00000000d5b80000)
  object space 60928K, 23% used [0x0000000081200000,0x0000000081fca338,0x0000000084d80000)
 Metaspace       used 20627K, capacity 21176K, committed 21296K, reserved 1069056K
  class space    used 2386K, capacity 2564K, committed 2608K, reserved 1048576K
}
Event: 8.354 GC heap before
{Heap before GC invocations=9 (full 1):
 PSYoungGen      total 143872K, used 132608K [0x00000000d5b80000, 0x00000000e7480000, 0x0000000100000000)
  eden space 132608K, 100% used [0x00000000d5b80000,0x00000000ddd00000,0x00000000ddd00000)
  from space 11264K, 0% used [0x00000000ddd00000,0x00000000ddd00000,0x00000000de800000)
  to   space 11264K, 0% used [0x00000000e6980000,0x00000000e6980000,0x00000000e7480000)
 ParOldGen       total 60928K, used 14120K [0x0000000081200000, 0x0000000084d80000, 0x00000000d5b80000)
  object space 60928K, 23% used [0x0000000081200000,0x0000000081fca338,0x0000000084d80000)
 Metaspace       used 23152K, capacity 23856K, committed 23984K, reserved 1071104K
  class space    used 2683K, capacity 2879K, committed 2992K, reserved 1048576K
Event: 8.410 GC heap after
Heap after GC invocations=9 (full 1):
 PSYoungGen      total 244224K, used 11233K [0x00000000d5b80000, 0x00000000e7480000, 0x0000000100000000)
  eden space 232960K, 0% used [0x00000000d5b80000,0x00000000d5b80000,0x00000000e3f00000)
  from space 11264K, 99% used [0x00000000e6980000,0x00000000e7478540,0x00000000e7480000)
  to   space 21504K, 0% used [0x00000000e4a80000,0x00000000e4a80000,0x00000000e5f80000)
 ParOldGen       total 60928K, used 34932K [0x0000000081200000, 0x0000000084d80000, 0x00000000d5b80000)
  object space 60928K, 57% used [0x0000000081200000,0x000000008341d060,0x0000000084d80000)
 Metaspace       used 23152K, capacity 23856K, committed 23984K, reserved 1071104K
  class space    used 2683K, capacity 2879K, committed 2992K, reserved 1048576K
}
Event: 11.446 GC heap before
{Heap before GC invocations=10 (full 1):
 PSYoungGen      total 244224K, used 244193K [0x00000000d5b80000, 0x00000000e7480000, 0x0000000100000000)
  eden space 232960K, 100% used [0x00000000d5b80000,0x00000000e3f00000,0x00000000e3f00000)
  from space 11264K, 99% used [0x00000000e6980000,0x00000000e7478540,0x00000000e7480000)
  to   space 21504K, 0% used [0x00000000e4a80000,0x00000000e4a80000,0x00000000e5f80000)
 ParOldGen       total 60928K, used 34932K [0x0000000081200000, 0x0000000084d80000, 0x00000000d5b80000)
  object space 60928K, 57% used [0x0000000081200000,0x000000008341d060,0x0000000084d80000)
 Metaspace       used 34088K, capacity 35104K, committed 35120K, reserved 1079296K
  class space    used 4152K, capacity 4396K, committed 4400K, reserved 1048576K
Event: 11.503 GC heap after
Heap after GC invocations=10 (full 1):
 PSYoungGen      total 266240K, used 21500K [0x00000000d5b80000, 0x00000000ee300000, 0x0000000100000000)
  eden space 244736K, 0% used [0x00000000d5b80000,0x00000000d5b80000,0x00000000e4a80000)
  from space 21504K, 99% used [0x00000000e4a80000,0x00000000e5f7f1b0,0x00000000e5f80000)
  to   space 33280K, 0% used [0x00000000ec280000,0x00000000ec280000,0x00000000ee300000)
 ParOldGen       total 60928K, used 56269K [0x0000000081200000, 0x0000000084d80000, 0x00000000d5b80000)
  object space 60928K, 92% used [0x0000000081200000,0x00000000848f3658,0x0000000084d80000)
 Metaspace       used 34088K, capacity 35104K, committed 35120K, reserved 1079296K
  class space    used 4152K, capacity 4396K, committed 4400K, reserved 1048576K
}
Event: 11.503 GC heap before
{Heap before GC invocations=11 (full 2):
 PSYoungGen      total 266240K, used 21500K [0x00000000d5b80000, 0x00000000ee300000, 0x0000000100000000)
  eden space 244736K, 0% used [0x00000000d5b80000,0x00000000d5b80000,0x00000000e4a80000)
  from space 21504K, 99% used [0x00000000e4a80000,0x00000000e5f7f1b0,0x00000000e5f80000)
  to   space 33280K, 0% used [0x00000000ec280000,0x00000000ec280000,0x00000000ee300000)
 ParOldGen       total 60928K, used 56269K [0x0000000081200000, 0x0000000084d80000, 0x00000000d5b80000)
  object space 60928K, 92% used [0x0000000081200000,0x00000000848f3658,0x0000000084d80000)
 Metaspace       used 34088K, capacity 35104K, committed 35120K, reserved 1079296K
  class space    used 4152K, capacity 4396K, committed 4400K, reserved 1048576K
Event: 11.600 GC heap after
Heap after GC invocations=11 (full 2):
 PSYoungGen      total 266240K, used 0K [0x00000000d5b80000, 0x00000000ee300000, 0x0000000100000000)
  eden space 244736K, 0% used [0x00000000d5b80000,0x00000000d5b80000,0x00000000e4a80000)
  from space 21504K, 0% used [0x00000000e4a80000,0x00000000e4a80000,0x00000000e5f80000)
  to   space 33280K, 0% used [0x00000000ec280000,0x00000000ec280000,0x00000000ee300000)
 ParOldGen       total 129024K, used 55020K [0x0000000081200000, 0x0000000089000000, 0x00000000d5b80000)
  object space 129024K, 42% used [0x0000000081200000,0x00000000847bb3e8,0x0000000089000000)
 Metaspace       used 34031K, capacity 34946K, committed 35120K, reserved 1079296K
  class space    used 4131K, capacity 4359K, committed 4400K, reserved 1048576K
}
Event: 16.102 GC heap before
{Heap before GC invocations=12 (full 2):
 PSYoungGen      total 266240K, used 244736K [0x00000000d5b80000, 0x00000000ee300000, 0x0000000100000000)
  eden space 244736K, 100% used [0x00000000d5b80000,0x00000000e4a80000,0x00000000e4a80000)
  from space 21504K, 0% used [0x00000000e4a80000,0x00000000e4a80000,0x00000000e5f80000)
  to   space 33280K, 0% used [0x00000000ec280000,0x00000000ec280000,0x00000000ee300000)
 ParOldGen       total 129024K, used 55020K [0x0000000081200000, 0x0000000089000000, 0x00000000d5b80000)
  object space 129024K, 42% used [0x0000000081200000,0x00000000847bb3e8,0x0000000089000000)
 Metaspace       used 51898K, capacity 53102K, committed 53296K, reserved 1095680K
  class space    used 6122K, capacity 6403K, committed 6448K, reserved 1048576K
Event: 16.133 GC heap after
Heap after GC invocations=12 (full 2):
 PSYoungGen      total 366592K, used 22412K [0x00000000d5b80000, 0x00000000ee880000, 0x0000000100000000)
  eden space 333312K, 0% used [0x00000000d5b80000,0x00000000d5b80000,0x00000000ea100000)
  from space 33280K, 67% used [0x00000000ec280000,0x00000000ed8633d8,0x00000000ee300000)
  to   space 34304K, 0% used [0x00000000ea100000,0x00000000ea100000,0x00000000ec280000)
 ParOldGen       total 129024K, used 55028K [0x0000000081200000, 0x0000000089000000, 0x00000000d5b80000)
  object space 129024K, 42% used [0x0000000081200000,0x00000000847bd3e8,0x0000000089000000)
 Metaspace       used 51898K, capacity 53102K, committed 53296K, reserved 1095680K
  class space    used 6122K, capacity 6403K, committed 6448K, reserved 1048576K
}

