# JRE version: Java(TM) SE Runtime Environment (8.0_65-b17) (build 1.8.0_65-b17)
# Java VM: Java HotSpot(TM) 64-Bit Server VM (25.65-b01 mixed mode windows-amd64 compressed oops)
Heap:
 PSYoungGen      total 143360K, used 9249K [0x00000000d5b80000, 0x00000000e4f80000, 0x0000000100000000)
  eden space 132096K, 7% used [0x00000000d5b80000,0x00000000d6488440,0x00000000ddc80000)
  from space 11264K, 0% used [0x00000000ddc80000,0x00000000ddc80000,0x00000000de780000)
  to   space 29696K, 0% used [0x00000000e3280000,0x00000000e3280000,0x00000000e4f80000)
 ParOldGen       total 121344K, used 46872K [0x0000000081200000, 0x0000000088880000, 0x00000000d5b80000)
  object space 121344K, 38% used [0x0000000081200000,0x0000000083fc63c8,0x0000000088880000)
 Metaspace       used 26393K, capacity 27052K, committed 27440K, reserved 1075200K
  class space    used 3120K, capacity 3294K, committed 3376K, reserved 1048576K
GC Heap History (10 events):
Event: 7.184 GC heap before
{Heap before GC invocations=7 (full 0):
 PSYoungGen      total 142336K, used 19116K [0x00000000d5b80000, 0x00000000df380000, 0x0000000100000000)
  eden space 132096K, 6% used [0x00000000d5b80000,0x00000000d647bfb0,0x00000000ddc80000)
  from space 10240K, 96% used [0x00000000de780000,0x00000000df12f0d0,0x00000000df180000)
  to   space 11264K, 0% used [0x00000000ddc80000,0x00000000ddc80000,0x00000000de780000)
 ParOldGen       total 87552K, used 13134K [0x0000000081200000, 0x0000000086780000, 0x00000000d5b80000)
  object space 87552K, 15% used [0x0000000081200000,0x0000000081ed3ac0,0x0000000086780000)
 Metaspace       used 20632K, capacity 21128K, committed 21296K, reserved 1069056K
  class space    used 2388K, capacity 2564K, committed 2608K, reserved 1048576K
Event: 7.204 GC heap after
Heap after GC invocations=7 (full 0):
 PSYoungGen      total 143360K, used 6886K [0x00000000d5b80000, 0x00000000df380000, 0x0000000100000000)
  eden space 132096K, 0% used [0x00000000d5b80000,0x00000000d5b80000,0x00000000ddc80000)
  from space 11264K, 61% used [0x00000000ddc80000,0x00000000de339bc0,0x00000000de780000)
  to   space 10240K, 0% used [0x00000000de780000,0x00000000de780000,0x00000000df180000)
 ParOldGen       total 87552K, used 14722K [0x0000000081200000, 0x0000000086780000, 0x00000000d5b80000)
  object space 87552K, 16% used [0x0000000081200000,0x0000000082060990,0x0000000086780000)
 Metaspace       used 20632K, capacity 21128K, committed 21296K, reserved 1069056K
  class space    used 2388K, capacity 2564K, committed 2608K, reserved 1048576K
}
Event: 7.204 GC heap before
{Heap before GC invocations=8 (full 1):
 PSYoungGen      total 143360K, used 6886K [0x00000000d5b80000, 0x00000000df380000, 0x0000000100000000)
  eden space 132096K, 0% used [0x00000000d5b80000,0x00000000d5b80000,0x00000000ddc80000)
  from space 11264K, 61% used [0x00000000ddc80000,0x00000000de339bc0,0x00000000de780000)
  to   space 10240K, 0% used [0x00000000de780000,0x00000000de780000,0x00000000df180000)
 ParOldGen       total 87552K, used 14722K [0x0000000081200000, 0x0000000086780000, 0x00000000d5b80000)
  object space 87552K, 16% used [0x0000000081200000,0x0000000082060990,0x0000000086780000)
 Metaspace       used 20632K, capacity 21128K, committed 21296K, reserved 1069056K
  class space    used 2388K, capacity 2564K, committed 2608K, reserved 1048576K
Event: 7.308 GC heap after
Heap after GC invocations=8 (full 1):
 PSYoungGen      total 143360K, used 0K [0x00000000d5b80000, 0x00000000df380000, 0x0000000100000000)
  eden space 132096K, 0% used [0x00000000d5b80000,0x00000000d5b80000,0x00000000ddc80000)
  from space 11264K, 0% used [0x00000000ddc80000,0x00000000ddc80000,0x00000000de780000)
  to   space 10240K, 0% used [0x00000000de780000,0x00000000de780000,0x00000000df180000)
 ParOldGen       total 60928K, used 14176K [0x0000000081200000, 0x0000000084d80000, 0x00000000d5b80000)
  object space 60928K, 23% used [0x0000000081200000,0x0000000081fd8310,0x0000000084d80000)
 Metaspace       used 20632K, capacity 21128K, committed 21296K, reserved 1069056K
  class space    used 2388K, capacity 2564K, committed 2608K, reserved 1048576K
}
Event: 8.748 GC heap before
{Heap before GC invocations=9 (full 1):
 PSYoungGen      total 143360K, used 132096K [0x00000000d5b80000, 0x00000000df380000, 0x0000000100000000)
  eden space 132096K, 100% used [0x00000000d5b80000,0x00000000ddc80000,0x00000000ddc80000)
  from space 11264K, 0% used [0x00000000ddc80000,0x00000000ddc80000,0x00000000de780000)
  to   space 10240K, 0% used [0x00000000de780000,0x00000000de780000,0x00000000df180000)
 ParOldGen       total 60928K, used 14176K [0x0000000081200000, 0x0000000084d80000, 0x00000000d5b80000)
  object space 60928K, 23% used [0x0000000081200000,0x0000000081fd8310,0x0000000084d80000)
 Metaspace       used 23158K, capacity 23878K, committed 24240K, reserved 1071104K
  class space    used 2683K, capacity 2880K, committed 2992K, reserved 1048576K
Event: 8.798 GC heap after
Heap after GC invocations=9 (full 1):
 PSYoungGen      total 142336K, used 10235K [0x00000000d5b80000, 0x00000000df380000, 0x0000000100000000)
  eden space 132096K, 0% used [0x00000000d5b80000,0x00000000d5b80000,0x00000000ddc80000)
  from space 10240K, 99% used [0x00000000de780000,0x00000000df17eeb0,0x00000000df180000)
  to   space 11264K, 0% used [0x00000000ddc80000,0x00000000ddc80000,0x00000000de780000)
 ParOldGen       total 60928K, used 35197K [0x0000000081200000, 0x0000000084d80000, 0x00000000d5b80000)
  object space 60928K, 57% used [0x0000000081200000,0x000000008345f7c0,0x0000000084d80000)
 Metaspace       used 23158K, capacity 23878K, committed 24240K, reserved 1071104K
  class space    used 2683K, capacity 2880K, committed 2992K, reserved 1048576K
}
Event: 10.418 GC heap before
{Heap before GC invocations=10 (full 1):
 PSYoungGen      total 142336K, used 142331K [0x00000000d5b80000, 0x00000000df380000, 0x0000000100000000)
  eden space 132096K, 100% used [0x00000000d5b80000,0x00000000ddc80000,0x00000000ddc80000)
  from space 10240K, 99% used [0x00000000de780000,0x00000000df17eeb0,0x00000000df180000)
  to   space 11264K, 0% used [0x00000000ddc80000,0x00000000ddc80000,0x00000000de780000)
 ParOldGen       total 60928K, used 35197K [0x0000000081200000, 0x0000000084d80000, 0x00000000d5b80000)
  object space 60928K, 57% used [0x0000000081200000,0x000000008345f7c0,0x0000000084d80000)
 Metaspace       used 25837K, capacity 26608K, committed 26800K, reserved 1073152K
  class space    used 3044K, capacity 3236K, committed 3248K, reserved 1048576K
Event: 10.463 GC heap after
Heap after GC invocations=10 (full 1):
 PSYoungGen      total 143360K, used 11248K [0x00000000d5b80000, 0x00000000e4f80000, 0x0000000100000000)
  eden space 132096K, 0% used [0x00000000d5b80000,0x00000000d5b80000,0x00000000ddc80000)
  from space 11264K, 99% used [0x00000000ddc80000,0x00000000de77c040,0x00000000de780000)
  to   space 29696K, 0% used [0x00000000e3280000,0x00000000e3280000,0x00000000e4f80000)
 ParOldGen       total 60928K, used 58423K [0x0000000081200000, 0x0000000084d80000, 0x00000000d5b80000)
  object space 60928K, 95% used [0x0000000081200000,0x0000000084b0dd58,0x0000000084d80000)
 Metaspace       used 25837K, capacity 26608K, committed 26800K, reserved 1073152K
  class space    used 3044K, capacity 3236K, committed 3248K, reserved 1048576K
}
Event: 10.463 GC heap before
{Heap before GC invocations=11 (full 2):
 PSYoungGen      total 143360K, used 11248K [0x00000000d5b80000, 0x00000000e4f80000, 0x0000000100000000)
  eden space 132096K, 0% used [0x00000000d5b80000,0x00000000d5b80000,0x00000000ddc80000)
  from space 11264K, 99% used [0x00000000ddc80000,0x00000000de77c040,0x00000000de780000)
  to   space 29696K, 0% used [0x00000000e3280000,0x00000000e3280000,0x00000000e4f80000)
 ParOldGen       total 60928K, used 58423K [0x0000000081200000, 0x0000000084d80000, 0x00000000d5b80000)
  object space 60928K, 95% used [0x0000000081200000,0x0000000084b0dd58,0x0000000084d80000)
 Metaspace       used 25837K, capacity 26608K, committed 26800K, reserved 1073152K
  class space    used 3044K, capacity 3236K, committed 3248K, reserved 1048576K
Event: 10.534 GC heap after
Heap after GC invocations=11 (full 2):
 PSYoungGen      total 143360K, used 0K [0x00000000d5b80000, 0x00000000e4f80000, 0x0000000100000000)
  eden space 132096K, 0% used [0x00000000d5b80000,0x00000000d5b80000,0x00000000ddc80000)
  from space 11264K, 0% used [0x00000000ddc80000,0x00000000ddc80000,0x00000000de780000)
  to   space 29696K, 0% used [0x00000000e3280000,0x00000000e3280000,0x00000000e4f80000)
 ParOldGen       total 121344K, used 46872K [0x0000000081200000, 0x0000000088880000, 0x00000000d5b80000)
  object space 121344K, 38% used [0x0000000081200000,0x0000000083fc63c8,0x0000000088880000)
 Metaspace       used 25779K, capacity 26444K, committed 26800K, reserved 1073152K
  class space    used 3023K, capacity 3198K, committed 3248K, reserved 1048576K
}

