# JRE version: Java(TM) SE Runtime Environment (8.0_65-b17) (build 1.8.0_65-b17)
# Java VM: Java HotSpot(TM) 64-Bit Server VM (25.65-b01 mixed mode windows-amd64 compressed oops)
Heap:
 PSYoungGen      total 264704K, used 116771K [0x00000000d5b80000, 0x00000000ee880000, 0x0000000100000000)
  eden space 242688K, 48% used [0x00000000d5b80000,0x00000000dcd88c70,0x00000000e4880000)
  from space 22016K, 0% used [0x00000000e4880000,0x00000000e4880000,0x00000000e5e00000)
  to   space 33280K, 0% used [0x00000000ec800000,0x00000000ec800000,0x00000000ee880000)
 ParOldGen       total 128512K, used 54240K [0x0000000081200000, 0x0000000088f80000, 0x00000000d5b80000)
  object space 128512K, 42% used [0x0000000081200000,0x00000000846f82b8,0x0000000088f80000)
 Metaspace       used 42004K, capacity 43142K, committed 43304K, reserved 1087488K
  class space    used 5113K, capacity 5401K, committed 5424K, reserved 1048576K
GC Heap History (10 events):
Event: 6.918 GC heap before
{Heap before GC invocations=7 (full 0):
 PSYoungGen      total 142848K, used 18767K [0x00000000d5b80000, 0x00000000df480000, 0x0000000100000000)
  eden space 132096K, 6% used [0x00000000d5b80000,0x00000000d64118a8,0x00000000ddc80000)
  from space 10752K, 92% used [0x00000000de800000,0x00000000df1c2620,0x00000000df280000)
  to   space 11776K, 0% used [0x00000000ddc80000,0x00000000ddc80000,0x00000000de800000)
 ParOldGen       total 87552K, used 13056K [0x0000000081200000, 0x0000000086780000, 0x00000000d5b80000)
  object space 87552K, 14% used [0x0000000081200000,0x0000000081ec0158,0x0000000086780000)
 Metaspace       used 20645K, capacity 21176K, committed 21296K, reserved 1069056K
  class space    used 2386K, capacity 2564K, committed 2608K, reserved 1048576K
Event: 6.935 GC heap after
Heap after GC invocations=7 (full 0):
 PSYoungGen      total 143872K, used 6757K [0x00000000d5b80000, 0x00000000e7380000, 0x0000000100000000)
  eden space 132096K, 0% used [0x00000000d5b80000,0x00000000d5b80000,0x00000000ddc80000)
  from space 11776K, 57% used [0x00000000ddc80000,0x00000000de3197f8,0x00000000de800000)
  to   space 11264K, 0% used [0x00000000e6880000,0x00000000e6880000,0x00000000e7380000)
 ParOldGen       total 87552K, used 14768K [0x0000000081200000, 0x0000000086780000, 0x00000000d5b80000)
  object space 87552K, 16% used [0x0000000081200000,0x000000008206c038,0x0000000086780000)
 Metaspace       used 20645K, capacity 21176K, committed 21296K, reserved 1069056K
  class space    used 2386K, capacity 2564K, committed 2608K, reserved 1048576K
}
Event: 6.935 GC heap before
{Heap before GC invocations=8 (full 1):
 PSYoungGen      total 143872K, used 6757K [0x00000000d5b80000, 0x00000000e7380000, 0x0000000100000000)
  eden space 132096K, 0% used [0x00000000d5b80000,0x00000000d5b80000,0x00000000ddc80000)
  from space 11776K, 57% used [0x00000000ddc80000,0x00000000de3197f8,0x00000000de800000)
  to   space 11264K, 0% used [0x00000000e6880000,0x00000000e6880000,0x00000000e7380000)
 ParOldGen       total 87552K, used 14768K [0x0000000081200000, 0x0000000086780000, 0x00000000d5b80000)
  object space 87552K, 16% used [0x0000000081200000,0x000000008206c038,0x0000000086780000)
 Metaspace       used 20645K, capacity 21176K, committed 21296K, reserved 1069056K
  class space    used 2386K, capacity 2564K, committed 2608K, reserved 1048576K
Event: 7.016 GC heap after
Heap after GC invocations=8 (full 1):
 PSYoungGen      total 143872K, used 0K [0x00000000d5b80000, 0x00000000e7380000, 0x0000000100000000)
  eden space 132096K, 0% used [0x00000000d5b80000,0x00000000d5b80000,0x00000000ddc80000)
  from space 11776K, 0% used [0x00000000ddc80000,0x00000000ddc80000,0x00000000de800000)
  to   space 11264K, 0% used [0x00000000e6880000,0x00000000e6880000,0x00000000e7380000)
 ParOldGen       total 60928K, used 14195K [0x0000000081200000, 0x0000000084d80000, 0x00000000d5b80000)
  object space 60928K, 23% used [0x0000000081200000,0x0000000081fdcc10,0x0000000084d80000)
 Metaspace       used 20645K, capacity 21176K, committed 21296K, reserved 1069056K
  class space    used 2386K, capacity 2564K, committed 2608K, reserved 1048576K
}
Event: 8.255 GC heap before
{Heap before GC invocations=9 (full 1):
 PSYoungGen      total 143872K, used 132096K [0x00000000d5b80000, 0x00000000e7380000, 0x0000000100000000)
  eden space 132096K, 100% used [0x00000000d5b80000,0x00000000ddc80000,0x00000000ddc80000)
  from space 11776K, 0% used [0x00000000ddc80000,0x00000000ddc80000,0x00000000de800000)
  to   space 11264K, 0% used [0x00000000e6880000,0x00000000e6880000,0x00000000e7380000)
 ParOldGen       total 60928K, used 14198K [0x0000000081200000, 0x0000000084d80000, 0x00000000d5b80000)
  object space 60928K, 23% used [0x0000000081200000,0x0000000081fdd8a8,0x0000000084d80000)
 Metaspace       used 23172K, capacity 23882K, committed 24240K, reserved 1071104K
  class space    used 2684K, capacity 2884K, committed 2992K, reserved 1048576K
Event: 8.315 GC heap after
Heap after GC invocations=9 (full 1):
 PSYoungGen      total 245760K, used 11254K [0x00000000d5b80000, 0x00000000e7380000, 0x0000000100000000)
  eden space 234496K, 0% used [0x00000000d5b80000,0x00000000d5b80000,0x00000000e4080000)
  from space 11264K, 99% used [0x00000000e6880000,0x00000000e737d9a8,0x00000000e7380000)
  to   space 22016K, 0% used [0x00000000e4880000,0x00000000e4880000,0x00000000e5e00000)
 ParOldGen       total 60928K, used 35988K [0x0000000081200000, 0x0000000084d80000, 0x00000000d5b80000)
  object space 60928K, 59% used [0x0000000081200000,0x00000000835253d0,0x0000000084d80000)
 Metaspace       used 23172K, capacity 23882K, committed 24240K, reserved 1071104K
  class space    used 2684K, capacity 2884K, committed 2992K, reserved 1048576K
}
Event: 11.251 GC heap before
{Heap before GC invocations=10 (full 1):
 PSYoungGen      total 245760K, used 245750K [0x00000000d5b80000, 0x00000000e7380000, 0x0000000100000000)
  eden space 234496K, 100% used [0x00000000d5b80000,0x00000000e4080000,0x00000000e4080000)
  from space 11264K, 99% used [0x00000000e6880000,0x00000000e737d9a8,0x00000000e7380000)
  to   space 22016K, 0% used [0x00000000e4880000,0x00000000e4880000,0x00000000e5e00000)
 ParOldGen       total 60928K, used 35989K [0x0000000081200000, 0x0000000084d80000, 0x00000000d5b80000)
  object space 60928K, 59% used [0x0000000081200000,0x00000000835255a8,0x0000000084d80000)
 Metaspace       used 34354K, capacity 35324K, committed 35496K, reserved 1081344K
  class space    used 4185K, capacity 4438K, committed 4528K, reserved 1048576K
Event: 11.307 GC heap after
Heap after GC invocations=10 (full 1):
 PSYoungGen      total 264704K, used 22005K [0x00000000d5b80000, 0x00000000ee880000, 0x0000000100000000)
  eden space 242688K, 0% used [0x00000000d5b80000,0x00000000d5b80000,0x00000000e4880000)
  from space 22016K, 99% used [0x00000000e4880000,0x00000000e5dfd5c8,0x00000000e5e00000)
  to   space 33280K, 0% used [0x00000000ec800000,0x00000000ec800000,0x00000000ee880000)
 ParOldGen       total 60928K, used 56042K [0x0000000081200000, 0x0000000084d80000, 0x00000000d5b80000)
  object space 60928K, 91% used [0x0000000081200000,0x00000000848ba8d0,0x0000000084d80000)
 Metaspace       used 34354K, capacity 35324K, committed 35496K, reserved 1081344K
  class space    used 4185K, capacity 4438K, committed 4528K, reserved 1048576K
}
Event: 11.307 GC heap before
{Heap before GC invocations=11 (full 2):
 PSYoungGen      total 264704K, used 22005K [0x00000000d5b80000, 0x00000000ee880000, 0x0000000100000000)
  eden space 242688K, 0% used [0x00000000d5b80000,0x00000000d5b80000,0x00000000e4880000)
  from space 22016K, 99% used [0x00000000e4880000,0x00000000e5dfd5c8,0x00000000e5e00000)
  to   space 33280K, 0% used [0x00000000ec800000,0x00000000ec800000,0x00000000ee880000)
 ParOldGen       total 60928K, used 56042K [0x0000000081200000, 0x0000000084d80000, 0x00000000d5b80000)
  object space 60928K, 91% used [0x0000000081200000,0x00000000848ba8d0,0x0000000084d80000)
 Metaspace       used 34354K, capacity 35324K, committed 35496K, reserved 1081344K
  class space    used 4185K, capacity 4438K, committed 4528K, reserved 1048576K
Event: 11.397 GC heap after
Heap after GC invocations=11 (full 2):
 PSYoungGen      total 264704K, used 0K [0x00000000d5b80000, 0x00000000ee880000, 0x0000000100000000)
  eden space 242688K, 0% used [0x00000000d5b80000,0x00000000d5b80000,0x00000000e4880000)
  from space 22016K, 0% used [0x00000000e4880000,0x00000000e4880000,0x00000000e5e00000)
  to   space 33280K, 0% used [0x00000000ec800000,0x00000000ec800000,0x00000000ee880000)
 ParOldGen       total 128512K, used 54240K [0x0000000081200000, 0x0000000088f80000, 0x00000000d5b80000)
  object space 128512K, 42% used [0x0000000081200000,0x00000000846f82b8,0x0000000088f80000)
 Metaspace       used 34288K, capacity 35140K, committed 35496K, reserved 1081344K
  class space    used 4160K, capacity 4396K, committed 4528K, reserved 1048576K
}

