# JRE version: Java(TM) SE Runtime Environment (8.0_65-b17) (build 1.8.0_65-b17)
# Java VM: Java HotSpot(TM) 64-Bit Server VM (25.65-b01 mixed mode windows-amd64 compressed oops)
Heap:
 PSYoungGen      total 266240K, used 125804K [0x00000000d5b80000, 0x00000000edf00000, 0x0000000100000000)
  eden space 244736K, 51% used [0x00000000d5b80000,0x00000000dd65b290,0x00000000e4a80000)
  from space 21504K, 0% used [0x00000000e4a80000,0x00000000e4a80000,0x00000000e5f80000)
  to   space 33280K, 0% used [0x00000000ebe80000,0x00000000ebe80000,0x00000000edf00000)
 ParOldGen       total 132096K, used 54243K [0x0000000081200000, 0x0000000089300000, 0x00000000d5b80000)
  object space 132096K, 41% used [0x0000000081200000,0x00000000846f8cc0,0x0000000089300000)
 Metaspace       used 42037K, capacity 43142K, committed 43312K, reserved 1087488K
  class space    used 5122K, capacity 5401K, committed 5424K, reserved 1048576K
GC Heap History (10 events):
Event: 6.797 GC heap before
{Heap before GC invocations=7 (full 0):
 PSYoungGen      total 143360K, used 21629K [0x00000000d5b80000, 0x00000000df380000, 0x0000000100000000)
  eden space 132608K, 9% used [0x00000000d5b80000,0x00000000d67496d0,0x00000000ddd00000)
  from space 10752K, 88% used [0x00000000de800000,0x00000000df1560c8,0x00000000df280000)
  to   space 11264K, 0% used [0x00000000ddd00000,0x00000000ddd00000,0x00000000de800000)
 ParOldGen       total 87552K, used 13172K [0x0000000081200000, 0x0000000086780000, 0x00000000d5b80000)
  object space 87552K, 15% used [0x0000000081200000,0x0000000081edd288,0x0000000086780000)
 Metaspace       used 20646K, capacity 21176K, committed 21296K, reserved 1069056K
  class space    used 2385K, capacity 2564K, committed 2608K, reserved 1048576K
Event: 6.813 GC heap after
Heap after GC invocations=7 (full 0):
 PSYoungGen      total 143872K, used 6926K [0x00000000d5b80000, 0x00000000e7480000, 0x0000000100000000)
  eden space 132608K, 0% used [0x00000000d5b80000,0x00000000d5b80000,0x00000000ddd00000)
  from space 11264K, 61% used [0x00000000ddd00000,0x00000000de3c3b80,0x00000000de800000)
  to   space 11264K, 0% used [0x00000000e6980000,0x00000000e6980000,0x00000000e7480000)
 ParOldGen       total 87552K, used 14764K [0x0000000081200000, 0x0000000086780000, 0x00000000d5b80000)
  object space 87552K, 16% used [0x0000000081200000,0x000000008206b168,0x0000000086780000)
 Metaspace       used 20646K, capacity 21176K, committed 21296K, reserved 1069056K
  class space    used 2385K, capacity 2564K, committed 2608K, reserved 1048576K
}
Event: 6.813 GC heap before
{Heap before GC invocations=8 (full 1):
 PSYoungGen      total 143872K, used 6926K [0x00000000d5b80000, 0x00000000e7480000, 0x0000000100000000)
  eden space 132608K, 0% used [0x00000000d5b80000,0x00000000d5b80000,0x00000000ddd00000)
  from space 11264K, 61% used [0x00000000ddd00000,0x00000000de3c3b80,0x00000000de800000)
  to   space 11264K, 0% used [0x00000000e6980000,0x00000000e6980000,0x00000000e7480000)
 ParOldGen       total 87552K, used 14764K [0x0000000081200000, 0x0000000086780000, 0x00000000d5b80000)
  object space 87552K, 16% used [0x0000000081200000,0x000000008206b168,0x0000000086780000)
 Metaspace       used 20646K, capacity 21176K, committed 21296K, reserved 1069056K
  class space    used 2385K, capacity 2564K, committed 2608K, reserved 1048576K
Event: 6.893 GC heap after
Heap after GC invocations=8 (full 1):
 PSYoungGen      total 143872K, used 0K [0x00000000d5b80000, 0x00000000e7480000, 0x0000000100000000)
  eden space 132608K, 0% used [0x00000000d5b80000,0x00000000d5b80000,0x00000000ddd00000)
  from space 11264K, 0% used [0x00000000ddd00000,0x00000000ddd00000,0x00000000de800000)
  to   space 11264K, 0% used [0x00000000e6980000,0x00000000e6980000,0x00000000e7480000)
 ParOldGen       total 62976K, used 14304K [0x0000000081200000, 0x0000000084f80000, 0x00000000d5b80000)
  object space 62976K, 22% used [0x0000000081200000,0x0000000081ff8010,0x0000000084f80000)
 Metaspace       used 20646K, capacity 21176K, committed 21296K, reserved 1069056K
  class space    used 2385K, capacity 2564K, committed 2608K, reserved 1048576K
}
Event: 8.116 GC heap before
{Heap before GC invocations=9 (full 1):
 PSYoungGen      total 143872K, used 132608K [0x00000000d5b80000, 0x00000000e7480000, 0x0000000100000000)
  eden space 132608K, 100% used [0x00000000d5b80000,0x00000000ddd00000,0x00000000ddd00000)
  from space 11264K, 0% used [0x00000000ddd00000,0x00000000ddd00000,0x00000000de800000)
  to   space 11264K, 0% used [0x00000000e6980000,0x00000000e6980000,0x00000000e7480000)
 ParOldGen       total 62976K, used 14321K [0x0000000081200000, 0x0000000084f80000, 0x00000000d5b80000)
  object space 62976K, 22% used [0x0000000081200000,0x0000000081ffc4d0,0x0000000084f80000)
 Metaspace       used 23113K, capacity 23812K, committed 23984K, reserved 1071104K
  class space    used 2674K, capacity 2883K, committed 2992K, reserved 1048576K
Event: 8.176 GC heap after
Heap after GC invocations=9 (full 1):
 PSYoungGen      total 242176K, used 11237K [0x00000000d5b80000, 0x00000000e7480000, 0x0000000100000000)
  eden space 230912K, 0% used [0x00000000d5b80000,0x00000000d5b80000,0x00000000e3d00000)
  from space 11264K, 99% used [0x00000000e6980000,0x00000000e74794a8,0x00000000e7480000)
  to   space 21504K, 0% used [0x00000000e4a80000,0x00000000e4a80000,0x00000000e5f80000)
 ParOldGen       total 62976K, used 35910K [0x0000000081200000, 0x0000000084f80000, 0x00000000d5b80000)
  object space 62976K, 57% used [0x0000000081200000,0x0000000083511bf0,0x0000000084f80000)
 Metaspace       used 23113K, capacity 23812K, committed 23984K, reserved 1071104K
  class space    used 2674K, capacity 2883K, committed 2992K, reserved 1048576K
}
Event: 10.993 GC heap before
{Heap before GC invocations=10 (full 1):
 PSYoungGen      total 242176K, used 242149K [0x00000000d5b80000, 0x00000000e7480000, 0x0000000100000000)
  eden space 230912K, 100% used [0x00000000d5b80000,0x00000000e3d00000,0x00000000e3d00000)
  from space 11264K, 99% used [0x00000000e6980000,0x00000000e74794a8,0x00000000e7480000)
  to   space 21504K, 0% used [0x00000000e4a80000,0x00000000e4a80000,0x00000000e5f80000)
 ParOldGen       total 62976K, used 35944K [0x0000000081200000, 0x0000000084f80000, 0x00000000d5b80000)
  object space 62976K, 57% used [0x0000000081200000,0x000000008351a170,0x0000000084f80000)
 Metaspace       used 33877K, capacity 34830K, committed 34864K, reserved 1079296K
  class space    used 4124K, capacity 4367K, committed 4400K, reserved 1048576K
Event: 11.048 GC heap after
Heap after GC invocations=10 (full 1):
 PSYoungGen      total 266240K, used 21502K [0x00000000d5b80000, 0x00000000edf00000, 0x0000000100000000)
  eden space 244736K, 0% used [0x00000000d5b80000,0x00000000d5b80000,0x00000000e4a80000)
  from space 21504K, 99% used [0x00000000e4a80000,0x00000000e5f7faa0,0x00000000e5f80000)
  to   space 33280K, 0% used [0x00000000ebe80000,0x00000000ebe80000,0x00000000edf00000)
 ParOldGen       total 62976K, used 56465K [0x0000000081200000, 0x0000000084f80000, 0x00000000d5b80000)
  object space 62976K, 89% used [0x0000000081200000,0x0000000084924428,0x0000000084f80000)
 Metaspace       used 33877K, capacity 34830K, committed 34864K, reserved 1079296K
  class space    used 4124K, capacity 4367K, committed 4400K, reserved 1048576K
}
Event: 11.048 GC heap before
{Heap before GC invocations=11 (full 2):
 PSYoungGen      total 266240K, used 21502K [0x00000000d5b80000, 0x00000000edf00000, 0x0000000100000000)
  eden space 244736K, 0% used [0x00000000d5b80000,0x00000000d5b80000,0x00000000e4a80000)
  from space 21504K, 99% used [0x00000000e4a80000,0x00000000e5f7faa0,0x00000000e5f80000)
  to   space 33280K, 0% used [0x00000000ebe80000,0x00000000ebe80000,0x00000000edf00000)
 ParOldGen       total 62976K, used 56465K [0x0000000081200000, 0x0000000084f80000, 0x00000000d5b80000)
  object space 62976K, 89% used [0x0000000081200000,0x0000000084924428,0x0000000084f80000)
 Metaspace       used 33877K, capacity 34830K, committed 34864K, reserved 1079296K
  class space    used 4124K, capacity 4367K, committed 4400K, reserved 1048576K
Event: 11.141 GC heap after
Heap after GC invocations=11 (full 2):
 PSYoungGen      total 266240K, used 0K [0x00000000d5b80000, 0x00000000edf00000, 0x0000000100000000)
  eden space 244736K, 0% used [0x00000000d5b80000,0x00000000d5b80000,0x00000000e4a80000)
  from space 21504K, 0% used [0x00000000e4a80000,0x00000000e4a80000,0x00000000e5f80000)
  to   space 33280K, 0% used [0x00000000ebe80000,0x00000000ebe80000,0x00000000edf00000)
 ParOldGen       total 132096K, used 54243K [0x0000000081200000, 0x0000000089300000, 0x00000000d5b80000)
  object space 132096K, 41% used [0x0000000081200000,0x00000000846f8cc0,0x0000000089300000)
 Metaspace       used 33813K, capacity 34652K, committed 34864K, reserved 1079296K
  class space    used 4101K, capacity 4326K, committed 4400K, reserved 1048576K
}

