# JRE version: Java(TM) SE Runtime Environment (8.0_65-b17) (build 1.8.0_65-b17)
# Java VM: Java HotSpot(TM) 64-Bit Server VM (25.65-b01 mixed mode windows-amd64 compressed oops)
Heap:
 PSYoungGen      total 265728K, used 163219K [0x00000000d5b80000, 0x00000000ee500000, 0x0000000100000000)
  eden space 243712K, 66% used [0x00000000d5b80000,0x00000000dfae4d38,0x00000000e4980000)
  from space 22016K, 0% used [0x00000000e4980000,0x00000000e4980000,0x00000000e5f00000)
  to   space 33280K, 0% used [0x00000000ec480000,0x00000000ec480000,0x00000000ee500000)
 ParOldGen       total 128000K, used 54372K [0x0000000081200000, 0x0000000088f00000, 0x00000000d5b80000)
  object space 128000K, 42% used [0x0000000081200000,0x0000000084719330,0x0000000088f00000)
 Metaspace       used 44193K, capacity 45304K, committed 45480K, reserved 1089536K
  class space    used 5464K, capacity 5746K, committed 5800K, reserved 1048576K
GC Heap History (10 events):
Event: 6.916 GC heap before
{Heap before GC invocations=7 (full 0):
 PSYoungGen      total 143360K, used 17905K [0x00000000d5b80000, 0x00000000df380000, 0x0000000100000000)
  eden space 132608K, 5% used [0x00000000d5b80000,0x00000000d633edf0,0x00000000ddd00000)
  from space 10752K, 92% used [0x00000000de800000,0x00000000df1bd968,0x00000000df280000)
  to   space 11264K, 0% used [0x00000000ddd00000,0x00000000ddd00000,0x00000000de800000)
 ParOldGen       total 87552K, used 12789K [0x0000000081200000, 0x0000000086780000, 0x00000000d5b80000)
  object space 87552K, 14% used [0x0000000081200000,0x0000000081e7d5b8,0x0000000086780000)
 Metaspace       used 20627K, capacity 21128K, committed 21296K, reserved 1069056K
  class space    used 2388K, capacity 2564K, committed 2608K, reserved 1048576K
Event: 6.939 GC heap after
Heap after GC invocations=7 (full 0):
 PSYoungGen      total 143872K, used 6999K [0x00000000d5b80000, 0x00000000e7480000, 0x0000000100000000)
  eden space 132608K, 0% used [0x00000000d5b80000,0x00000000d5b80000,0x00000000ddd00000)
  from space 11264K, 62% used [0x00000000ddd00000,0x00000000de3d5f60,0x00000000de800000)
  to   space 11264K, 0% used [0x00000000e6980000,0x00000000e6980000,0x00000000e7480000)
 ParOldGen       total 87552K, used 14457K [0x0000000081200000, 0x0000000086780000, 0x00000000d5b80000)
  object space 87552K, 16% used [0x0000000081200000,0x000000008201e498,0x0000000086780000)
 Metaspace       used 20627K, capacity 21128K, committed 21296K, reserved 1069056K
  class space    used 2388K, capacity 2564K, committed 2608K, reserved 1048576K
}
Event: 6.939 GC heap before
{Heap before GC invocations=8 (full 1):
 PSYoungGen      total 143872K, used 6999K [0x00000000d5b80000, 0x00000000e7480000, 0x0000000100000000)
  eden space 132608K, 0% used [0x00000000d5b80000,0x00000000d5b80000,0x00000000ddd00000)
  from space 11264K, 62% used [0x00000000ddd00000,0x00000000de3d5f60,0x00000000de800000)
  to   space 11264K, 0% used [0x00000000e6980000,0x00000000e6980000,0x00000000e7480000)
 ParOldGen       total 87552K, used 14457K [0x0000000081200000, 0x0000000086780000, 0x00000000d5b80000)
  object space 87552K, 16% used [0x0000000081200000,0x000000008201e498,0x0000000086780000)
 Metaspace       used 20627K, capacity 21128K, committed 21296K, reserved 1069056K
  class space    used 2388K, capacity 2564K, committed 2608K, reserved 1048576K
Event: 7.029 GC heap after
Heap after GC invocations=8 (full 1):
 PSYoungGen      total 143872K, used 0K [0x00000000d5b80000, 0x00000000e7480000, 0x0000000100000000)
  eden space 132608K, 0% used [0x00000000d5b80000,0x00000000d5b80000,0x00000000ddd00000)
  from space 11264K, 0% used [0x00000000ddd00000,0x00000000ddd00000,0x00000000de800000)
  to   space 11264K, 0% used [0x00000000e6980000,0x00000000e6980000,0x00000000e7480000)
 ParOldGen       total 60928K, used 14304K [0x0000000081200000, 0x0000000084d80000, 0x00000000d5b80000)
  object space 60928K, 23% used [0x0000000081200000,0x0000000081ff8298,0x0000000084d80000)
 Metaspace       used 20627K, capacity 21128K, committed 21296K, reserved 1069056K
  class space    used 2388K, capacity 2564K, committed 2608K, reserved 1048576K
}
Event: 8.463 GC heap before
{Heap before GC invocations=9 (full 1):
 PSYoungGen      total 143872K, used 132608K [0x00000000d5b80000, 0x00000000e7480000, 0x0000000100000000)
  eden space 132608K, 100% used [0x00000000d5b80000,0x00000000ddd00000,0x00000000ddd00000)
  from space 11264K, 0% used [0x00000000ddd00000,0x00000000ddd00000,0x00000000de800000)
  to   space 11264K, 0% used [0x00000000e6980000,0x00000000e6980000,0x00000000e7480000)
 ParOldGen       total 60928K, used 14344K [0x0000000081200000, 0x0000000084d80000, 0x00000000d5b80000)
  object space 60928K, 23% used [0x0000000081200000,0x0000000082002370,0x0000000084d80000)
 Metaspace       used 23171K, capacity 23892K, committed 24240K, reserved 1071104K
  class space    used 2683K, capacity 2881K, committed 2992K, reserved 1048576K
Event: 8.521 GC heap after
Heap after GC invocations=9 (full 1):
 PSYoungGen      total 244736K, used 11252K [0x00000000d5b80000, 0x00000000e7480000, 0x0000000100000000)
  eden space 233472K, 0% used [0x00000000d5b80000,0x00000000d5b80000,0x00000000e3f80000)
  from space 11264K, 99% used [0x00000000e6980000,0x00000000e747d138,0x00000000e7480000)
  to   space 22016K, 0% used [0x00000000e4980000,0x00000000e4980000,0x00000000e5f00000)
 ParOldGen       total 60928K, used 36065K [0x0000000081200000, 0x0000000084d80000, 0x00000000d5b80000)
  object space 60928K, 59% used [0x0000000081200000,0x0000000083538600,0x0000000084d80000)
 Metaspace       used 23171K, capacity 23892K, committed 24240K, reserved 1071104K
  class space    used 2683K, capacity 2881K, committed 2992K, reserved 1048576K
}
Event: 11.416 GC heap before
{Heap before GC invocations=10 (full 1):
 PSYoungGen      total 244736K, used 243071K [0x00000000d5b80000, 0x00000000e7480000, 0x0000000100000000)
  eden space 233472K, 99% used [0x00000000d5b80000,0x00000000e3de2b30,0x00000000e3f80000)
  from space 11264K, 99% used [0x00000000e6980000,0x00000000e747d138,0x00000000e7480000)
  to   space 22016K, 0% used [0x00000000e4980000,0x00000000e4980000,0x00000000e5f00000)
 ParOldGen       total 60928K, used 36065K [0x0000000081200000, 0x0000000084d80000, 0x00000000d5b80000)
  object space 60928K, 59% used [0x0000000081200000,0x0000000083538600,0x0000000084d80000)
 Metaspace       used 34336K, capacity 35334K, committed 35496K, reserved 1081344K
  class space    used 4181K, capacity 4435K, committed 4520K, reserved 1048576K
Event: 11.474 GC heap after
Heap after GC invocations=10 (full 1):
 PSYoungGen      total 265728K, used 22002K [0x00000000d5b80000, 0x00000000ee500000, 0x0000000100000000)
  eden space 243712K, 0% used [0x00000000d5b80000,0x00000000d5b80000,0x00000000e4980000)
  from space 22016K, 99% used [0x00000000e4980000,0x00000000e5efcb60,0x00000000e5f00000)
  to   space 33280K, 0% used [0x00000000ec480000,0x00000000ec480000,0x00000000ee500000)
 ParOldGen       total 60928K, used 56414K [0x0000000081200000, 0x0000000084d80000, 0x00000000d5b80000)
  object space 60928K, 92% used [0x0000000081200000,0x00000000849178b8,0x0000000084d80000)
 Metaspace       used 34336K, capacity 35334K, committed 35496K, reserved 1081344K
  class space    used 4181K, capacity 4435K, committed 4520K, reserved 1048576K
}
Event: 11.474 GC heap before
{Heap before GC invocations=11 (full 2):
 PSYoungGen      total 265728K, used 22002K [0x00000000d5b80000, 0x00000000ee500000, 0x0000000100000000)
  eden space 243712K, 0% used [0x00000000d5b80000,0x00000000d5b80000,0x00000000e4980000)
  from space 22016K, 99% used [0x00000000e4980000,0x00000000e5efcb60,0x00000000e5f00000)
  to   space 33280K, 0% used [0x00000000ec480000,0x00000000ec480000,0x00000000ee500000)
 ParOldGen       total 60928K, used 56414K [0x0000000081200000, 0x0000000084d80000, 0x00000000d5b80000)
  object space 60928K, 92% used [0x0000000081200000,0x00000000849178b8,0x0000000084d80000)
 Metaspace       used 34336K, capacity 35334K, committed 35496K, reserved 1081344K
  class space    used 4181K, capacity 4435K, committed 4520K, reserved 1048576K
Event: 11.565 GC heap after
Heap after GC invocations=11 (full 2):
 PSYoungGen      total 265728K, used 0K [0x00000000d5b80000, 0x00000000ee500000, 0x0000000100000000)
  eden space 243712K, 0% used [0x00000000d5b80000,0x00000000d5b80000,0x00000000e4980000)
  from space 22016K, 0% used [0x00000000e4980000,0x00000000e4980000,0x00000000e5f00000)
  to   space 33280K, 0% used [0x00000000ec480000,0x00000000ec480000,0x00000000ee500000)
 ParOldGen       total 128000K, used 54372K [0x0000000081200000, 0x0000000088f00000, 0x00000000d5b80000)
  object space 128000K, 42% used [0x0000000081200000,0x0000000084719330,0x0000000088f00000)
 Metaspace       used 34274K, capacity 35156K, committed 35496K, reserved 1081344K
  class space    used 4158K, capacity 4396K, committed 4520K, reserved 1048576K
}

